ARM GAS  /tmp/cchkbiv6.s 			page 1


   1              		.cpu cortex-m7
   2              		.eabi_attribute 27, 1
   3              		.eabi_attribute 28, 1
   4              		.eabi_attribute 20, 1
   5              		.eabi_attribute 21, 1
   6              		.eabi_attribute 23, 3
   7              		.eabi_attribute 24, 1
   8              		.eabi_attribute 25, 1
   9              		.eabi_attribute 26, 1
  10              		.eabi_attribute 30, 1
  11              		.eabi_attribute 34, 1
  12              		.eabi_attribute 18, 4
  13              		.file	"stm32f7xx_hal_msp.c"
  14              		.text
  15              	.Ltext0:
  16              		.cfi_sections	.debug_frame
  17              		.section	.text.HAL_MspInit,"ax",%progbits
  18              		.align	1
  19              		.global	HAL_MspInit
  20              		.syntax unified
  21              		.thumb
  22              		.thumb_func
  23              		.fpu fpv5-sp-d16
  25              	HAL_MspInit:
  26              	.LFB141:
  27              		.file 1 "Core/Src/stm32f7xx_hal_msp.c"
   1:Core/Src/stm32f7xx_hal_msp.c **** /* USER CODE BEGIN Header */
   2:Core/Src/stm32f7xx_hal_msp.c **** /**
   3:Core/Src/stm32f7xx_hal_msp.c ****   ******************************************************************************
   4:Core/Src/stm32f7xx_hal_msp.c ****   * @file         stm32f7xx_hal_msp.c
   5:Core/Src/stm32f7xx_hal_msp.c ****   * @brief        This file provides code for the MSP Initialization
   6:Core/Src/stm32f7xx_hal_msp.c ****   *               and de-Initialization codes.
   7:Core/Src/stm32f7xx_hal_msp.c ****   ******************************************************************************
   8:Core/Src/stm32f7xx_hal_msp.c ****   * @attention
   9:Core/Src/stm32f7xx_hal_msp.c ****   *
  10:Core/Src/stm32f7xx_hal_msp.c ****   * <h2><center>&copy; Copyright (c) 2021 STMicroelectronics.
  11:Core/Src/stm32f7xx_hal_msp.c ****   * All rights reserved.</center></h2>
  12:Core/Src/stm32f7xx_hal_msp.c ****   *
  13:Core/Src/stm32f7xx_hal_msp.c ****   * This software component is licensed by ST under BSD 3-Clause license,
  14:Core/Src/stm32f7xx_hal_msp.c ****   * the "License"; You may not use this file except in compliance with the
  15:Core/Src/stm32f7xx_hal_msp.c ****   * License. You may obtain a copy of the License at:
  16:Core/Src/stm32f7xx_hal_msp.c ****   *                        opensource.org/licenses/BSD-3-Clause
  17:Core/Src/stm32f7xx_hal_msp.c ****   *
  18:Core/Src/stm32f7xx_hal_msp.c ****   ******************************************************************************
  19:Core/Src/stm32f7xx_hal_msp.c ****   */
  20:Core/Src/stm32f7xx_hal_msp.c **** /* USER CODE END Header */
  21:Core/Src/stm32f7xx_hal_msp.c **** 
  22:Core/Src/stm32f7xx_hal_msp.c **** /* Includes ------------------------------------------------------------------*/
  23:Core/Src/stm32f7xx_hal_msp.c **** #include "main.h"
  24:Core/Src/stm32f7xx_hal_msp.c **** /* USER CODE BEGIN Includes */
  25:Core/Src/stm32f7xx_hal_msp.c **** 
  26:Core/Src/stm32f7xx_hal_msp.c **** /* USER CODE END Includes */
  27:Core/Src/stm32f7xx_hal_msp.c **** 
  28:Core/Src/stm32f7xx_hal_msp.c **** /* Private typedef -----------------------------------------------------------*/
  29:Core/Src/stm32f7xx_hal_msp.c **** /* USER CODE BEGIN TD */
  30:Core/Src/stm32f7xx_hal_msp.c **** 
  31:Core/Src/stm32f7xx_hal_msp.c **** /* USER CODE END TD */
ARM GAS  /tmp/cchkbiv6.s 			page 2


  32:Core/Src/stm32f7xx_hal_msp.c **** 
  33:Core/Src/stm32f7xx_hal_msp.c **** /* Private define ------------------------------------------------------------*/
  34:Core/Src/stm32f7xx_hal_msp.c **** /* USER CODE BEGIN Define */
  35:Core/Src/stm32f7xx_hal_msp.c **** 
  36:Core/Src/stm32f7xx_hal_msp.c **** /* USER CODE END Define */
  37:Core/Src/stm32f7xx_hal_msp.c **** 
  38:Core/Src/stm32f7xx_hal_msp.c **** /* Private macro -------------------------------------------------------------*/
  39:Core/Src/stm32f7xx_hal_msp.c **** /* USER CODE BEGIN Macro */
  40:Core/Src/stm32f7xx_hal_msp.c **** 
  41:Core/Src/stm32f7xx_hal_msp.c **** /* USER CODE END Macro */
  42:Core/Src/stm32f7xx_hal_msp.c **** 
  43:Core/Src/stm32f7xx_hal_msp.c **** /* Private variables ---------------------------------------------------------*/
  44:Core/Src/stm32f7xx_hal_msp.c **** /* USER CODE BEGIN PV */
  45:Core/Src/stm32f7xx_hal_msp.c **** 
  46:Core/Src/stm32f7xx_hal_msp.c **** /* USER CODE END PV */
  47:Core/Src/stm32f7xx_hal_msp.c **** 
  48:Core/Src/stm32f7xx_hal_msp.c **** /* Private function prototypes -----------------------------------------------*/
  49:Core/Src/stm32f7xx_hal_msp.c **** /* USER CODE BEGIN PFP */
  50:Core/Src/stm32f7xx_hal_msp.c **** 
  51:Core/Src/stm32f7xx_hal_msp.c **** /* USER CODE END PFP */
  52:Core/Src/stm32f7xx_hal_msp.c **** 
  53:Core/Src/stm32f7xx_hal_msp.c **** /* External functions --------------------------------------------------------*/
  54:Core/Src/stm32f7xx_hal_msp.c **** /* USER CODE BEGIN ExternalFunctions */
  55:Core/Src/stm32f7xx_hal_msp.c **** 
  56:Core/Src/stm32f7xx_hal_msp.c **** /* USER CODE END ExternalFunctions */
  57:Core/Src/stm32f7xx_hal_msp.c **** 
  58:Core/Src/stm32f7xx_hal_msp.c **** /* USER CODE BEGIN 0 */
  59:Core/Src/stm32f7xx_hal_msp.c **** 
  60:Core/Src/stm32f7xx_hal_msp.c **** /* USER CODE END 0 */
  61:Core/Src/stm32f7xx_hal_msp.c **** /**
  62:Core/Src/stm32f7xx_hal_msp.c ****   * Initializes the Global MSP.
  63:Core/Src/stm32f7xx_hal_msp.c ****   */
  64:Core/Src/stm32f7xx_hal_msp.c **** void HAL_MspInit(void)
  65:Core/Src/stm32f7xx_hal_msp.c **** {
  28              		.loc 1 65 0
  29              		.cfi_startproc
  30              		@ args = 0, pretend = 0, frame = 8
  31              		@ frame_needed = 0, uses_anonymous_args = 0
  32              		@ link register save eliminated.
  33 0000 82B0     		sub	sp, sp, #8
  34              	.LCFI0:
  35              		.cfi_def_cfa_offset 8
  36              	.LBB2:
  66:Core/Src/stm32f7xx_hal_msp.c ****   /* USER CODE BEGIN MspInit 0 */
  67:Core/Src/stm32f7xx_hal_msp.c **** 
  68:Core/Src/stm32f7xx_hal_msp.c ****   /* USER CODE END MspInit 0 */
  69:Core/Src/stm32f7xx_hal_msp.c **** 
  70:Core/Src/stm32f7xx_hal_msp.c ****   __HAL_RCC_PWR_CLK_ENABLE();
  37              		.loc 1 70 0
  38 0002 0A4B     		ldr	r3, .L3
  39 0004 1A6C     		ldr	r2, [r3, #64]
  40 0006 42F08052 		orr	r2, r2, #268435456
  41 000a 1A64     		str	r2, [r3, #64]
  42 000c 1A6C     		ldr	r2, [r3, #64]
  43 000e 02F08052 		and	r2, r2, #268435456
  44 0012 0092     		str	r2, [sp]
  45 0014 009A     		ldr	r2, [sp]
ARM GAS  /tmp/cchkbiv6.s 			page 3


  46              	.LBE2:
  47              	.LBB3:
  71:Core/Src/stm32f7xx_hal_msp.c ****   __HAL_RCC_SYSCFG_CLK_ENABLE();
  48              		.loc 1 71 0
  49 0016 5A6C     		ldr	r2, [r3, #68]
  50 0018 42F48042 		orr	r2, r2, #16384
  51 001c 5A64     		str	r2, [r3, #68]
  52 001e 5B6C     		ldr	r3, [r3, #68]
  53 0020 03F48043 		and	r3, r3, #16384
  54 0024 0193     		str	r3, [sp, #4]
  55 0026 019B     		ldr	r3, [sp, #4]
  56              	.LBE3:
  72:Core/Src/stm32f7xx_hal_msp.c **** 
  73:Core/Src/stm32f7xx_hal_msp.c ****   /* System interrupt init*/
  74:Core/Src/stm32f7xx_hal_msp.c **** 
  75:Core/Src/stm32f7xx_hal_msp.c ****   /* USER CODE BEGIN MspInit 1 */
  76:Core/Src/stm32f7xx_hal_msp.c **** 
  77:Core/Src/stm32f7xx_hal_msp.c ****   /* USER CODE END MspInit 1 */
  78:Core/Src/stm32f7xx_hal_msp.c **** }
  57              		.loc 1 78 0
  58 0028 02B0     		add	sp, sp, #8
  59              	.LCFI1:
  60              		.cfi_def_cfa_offset 0
  61              		@ sp needed
  62 002a 7047     		bx	lr
  63              	.L4:
  64              		.align	2
  65              	.L3:
  66 002c 00380240 		.word	1073887232
  67              		.cfi_endproc
  68              	.LFE141:
  70              		.text
  71              	.Letext0:
  72              		.file 2 "/usr/include/newlib/machine/_default_types.h"
  73              		.file 3 "/usr/include/newlib/sys/_stdint.h"
  74              		.file 4 "Drivers/CMSIS/Include/core_cm7.h"
  75              		.file 5 "Drivers/CMSIS/Device/ST/STM32F7xx/Include/system_stm32f7xx.h"
  76              		.file 6 "Drivers/CMSIS/Device/ST/STM32F7xx/Include/stm32f756xx.h"
  77              		.file 7 "Drivers/STM32F7xx_HAL_Driver/Inc/stm32f7xx_hal.h"
ARM GAS  /tmp/cchkbiv6.s 			page 4


DEFINED SYMBOLS
                            *ABS*:0000000000000000 stm32f7xx_hal_msp.c
     /tmp/cchkbiv6.s:18     .text.HAL_MspInit:0000000000000000 $t
     /tmp/cchkbiv6.s:25     .text.HAL_MspInit:0000000000000000 HAL_MspInit
     /tmp/cchkbiv6.s:66     .text.HAL_MspInit:000000000000002c $d

NO UNDEFINED SYMBOLS
